<?xml version="1.0" encoding="UTF-8"?>
<testng-results ignored="0" total="1" passed="1" failed="0" skipped="0">
  <reporter-output>
  </reporter-output>
  <suite started-at="2024-05-10T12:55:45 IST" name="Default suite" finished-at="2024-05-10T12:56:12 IST" duration-ms="27573">
    <groups>
      <group name="cucumber">
        <method signature="AbstractTestNGCucumberTests.runScenario(io.cucumber.testng.PickleWrapper,io.cucumber.testng.FeatureWrapper)[pri:0, instance:com.rysun.CucumberOption.TestNGRunner@ba2f4ec]" name="runScenario" class="io.cucumber.testng.AbstractTestNGCucumberTests"/>
      </group> <!-- cucumber -->
    </groups>
    <test started-at="2024-05-10T12:55:45 IST" name="Default test" finished-at="2024-05-10T12:56:12 IST" duration-ms="27573">
      <class name="com.rysun.CucumberOption.TestNGRunner">
        <test-method is-config="true" signature="setUpClass(org.testng.ITestContext)[pri:0, instance:com.rysun.CucumberOption.TestNGRunner@ba2f4ec]" started-at="2024-05-10T12:55:45 IST" name="setUpClass" finished-at="2024-05-10T12:55:46 IST" duration-ms="1155" status="PASS">
          <params>
            <param index="0">
              <value>
                <![CDATA[org.testng.TestRunner@1a0c5e9]]>
              </value>
            </param>
          </params>
          <reporter-output>
          </reporter-output>
        </test-method> <!-- setUpClass -->
        <test-method signature="runScenario(io.cucumber.testng.PickleWrapper,io.cucumber.testng.FeatureWrapper)[pri:0, instance:com.rysun.CucumberOption.TestNGRunner@ba2f4ec]" started-at="2024-05-10T12:55:46 IST" name="runScenario" description="Runs Cucumber Scenarios" data-provider="scenarios" finished-at="2024-05-10T12:56:12 IST" duration-ms="26317" status="PASS">
          <params>
            <param index="0">
              <value>
                <![CDATA["Verify Add a New User with Valid Information"]]>
              </value>
            </param>
            <param index="1">
              <value>
                <![CDATA["Verify the Add user functionality of Nuxt Boilerplate"]]>
              </value>
            </param>
          </params>
          <reporter-output>
          </reporter-output>
        </test-method> <!-- runScenario -->
        <test-method is-config="true" signature="tearDownClass()[pri:0, instance:com.rysun.CucumberOption.TestNGRunner@ba2f4ec]" started-at="2024-05-10T12:56:12 IST" name="tearDownClass" finished-at="2024-05-10T12:56:12 IST" duration-ms="29" status="PASS">
          <reporter-output>
          </reporter-output>
        </test-method> <!-- tearDownClass -->
      </class> <!-- com.rysun.CucumberOption.TestNGRunner -->
    </test> <!-- Default test -->
  </suite> <!-- Default suite -->
</testng-results>
